[2023-06-14 02:00:05,225] {taskinstance.py:876} INFO - Dependencies all met for <TaskInstance: collect_ddragon.collect_items 2023-06-13T02:00:00+00:00 [queued]>
[2023-06-14 02:00:05,246] {taskinstance.py:876} INFO - Dependencies all met for <TaskInstance: collect_ddragon.collect_items 2023-06-13T02:00:00+00:00 [queued]>
[2023-06-14 02:00:05,246] {taskinstance.py:1067} INFO - 
--------------------------------------------------------------------------------
[2023-06-14 02:00:05,246] {taskinstance.py:1068} INFO - Starting attempt 1 of 2
[2023-06-14 02:00:05,246] {taskinstance.py:1069} INFO - 
--------------------------------------------------------------------------------
[2023-06-14 02:00:05,257] {taskinstance.py:1087} INFO - Executing <Task(PythonOperator): collect_items> on 2023-06-13T02:00:00+00:00
[2023-06-14 02:00:05,267] {standard_task_runner.py:52} INFO - Started process 1442686 to run task
[2023-06-14 02:00:05,273] {standard_task_runner.py:76} INFO - Running: ['***', 'tasks', 'run', 'collect_ddragon', 'collect_items', '2023-06-13T02:00:00+00:00', '--job-id', '982', '--pool', 'default_pool', '--raw', '--subdir', 'DAGS_FOLDER/dag_collect_ddragon.py', '--cfg-path', '/tmp/tmp0bdavq7u', '--error-file', '/tmp/tmp9beown85']
[2023-06-14 02:00:05,274] {standard_task_runner.py:77} INFO - Job 982: Subtask collect_items
[2023-06-14 02:00:05,329] {logging_mixin.py:104} INFO - Running <TaskInstance: collect_ddragon.collect_items 2023-06-13T02:00:00+00:00 [running]> on host ac1902248041
[2023-06-14 02:00:05,462] {taskinstance.py:1282} INFO - Exporting the following env vars:
AIRFLOW_CTX_DAG_OWNER=***
AIRFLOW_CTX_DAG_ID=collect_ddragon
AIRFLOW_CTX_TASK_ID=collect_items
AIRFLOW_CTX_EXECUTION_DATE=2023-06-13T02:00:00+00:00
AIRFLOW_CTX_DAG_RUN_ID=scheduled__2023-06-13T02:00:00+00:00
[2023-06-14 02:00:05,502] {base.py:122} INFO - GET http://192.168.2.139:9200/_cat/indices [status:200 request:0.011s]
[2023-06-14 02:00:05,502] {dag_collect_ddragon.py:64} INFO - Collect Data "items-13.12.1"
[2023-06-14 02:00:05,688] {dag_collect_ddragon.py:79} INFO - Call API "GET" "http://192.168.2.136:20000/ddragon/items"
[2023-06-14 02:00:05,688] {python.py:151} INFO - Done. Returned value was: items-13.12.1 수집 완료
[2023-06-14 02:00:05,728] {taskinstance.py:1191} INFO - Marking task as SUCCESS. dag_id=collect_ddragon, task_id=collect_items, execution_date=20230613T020000, start_date=20230614T020005, end_date=20230614T020005
[2023-06-14 02:00:05,764] {taskinstance.py:1245} INFO - 0 downstream tasks scheduled from follow-on schedule check
[2023-06-14 02:00:05,775] {local_task_job.py:151} INFO - Task exited with return code 0
