[2023-07-05 02:00:03,115] {taskinstance.py:876} INFO - Dependencies all met for <TaskInstance: collect_ddragon.collect_items 2023-07-04T02:00:00+00:00 [queued]>
[2023-07-05 02:00:03,135] {taskinstance.py:876} INFO - Dependencies all met for <TaskInstance: collect_ddragon.collect_items 2023-07-04T02:00:00+00:00 [queued]>
[2023-07-05 02:00:03,135] {taskinstance.py:1067} INFO - 
--------------------------------------------------------------------------------
[2023-07-05 02:00:03,135] {taskinstance.py:1068} INFO - Starting attempt 1 of 2
[2023-07-05 02:00:03,135] {taskinstance.py:1069} INFO - 
--------------------------------------------------------------------------------
[2023-07-05 02:00:03,145] {taskinstance.py:1087} INFO - Executing <Task(PythonOperator): collect_items> on 2023-07-04T02:00:00+00:00
[2023-07-05 02:00:03,156] {standard_task_runner.py:52} INFO - Started process 3706378 to run task
[2023-07-05 02:00:03,161] {standard_task_runner.py:76} INFO - Running: ['***', 'tasks', 'run', 'collect_ddragon', 'collect_items', '2023-07-04T02:00:00+00:00', '--job-id', '1108', '--pool', 'default_pool', '--raw', '--subdir', 'DAGS_FOLDER/dag_collect_ddragon.py', '--cfg-path', '/tmp/tmpiv6jtrmp', '--error-file', '/tmp/tmph1lkysug']
[2023-07-05 02:00:03,162] {standard_task_runner.py:77} INFO - Job 1108: Subtask collect_items
[2023-07-05 02:00:03,212] {logging_mixin.py:104} INFO - Running <TaskInstance: collect_ddragon.collect_items 2023-07-04T02:00:00+00:00 [running]> on host ac1902248041
[2023-07-05 02:00:03,275] {taskinstance.py:1282} INFO - Exporting the following env vars:
AIRFLOW_CTX_DAG_OWNER=***
AIRFLOW_CTX_DAG_ID=collect_ddragon
AIRFLOW_CTX_TASK_ID=collect_items
AIRFLOW_CTX_EXECUTION_DATE=2023-07-04T02:00:00+00:00
AIRFLOW_CTX_DAG_RUN_ID=scheduled__2023-07-04T02:00:00+00:00
[2023-07-05 02:00:03,300] {base.py:122} INFO - GET http://192.168.2.139:9200/_cat/indices [status:200 request:0.014s]
[2023-07-05 02:00:03,301] {dag_collect_ddragon.py:60} INFO - Index "items-13.13.1" Already Exists
[2023-07-05 02:00:03,301] {python.py:151} INFO - Done. Returned value was: None
[2023-07-05 02:00:03,312] {taskinstance.py:1191} INFO - Marking task as SUCCESS. dag_id=collect_ddragon, task_id=collect_items, execution_date=20230704T020000, start_date=20230705T020003, end_date=20230705T020003
[2023-07-05 02:00:03,342] {taskinstance.py:1245} INFO - 0 downstream tasks scheduled from follow-on schedule check
[2023-07-05 02:00:03,375] {local_task_job.py:151} INFO - Task exited with return code 0
