[2023-06-19 02:00:04,949] {taskinstance.py:876} INFO - Dependencies all met for <TaskInstance: collect_ddragon.collect_runes 2023-06-18T02:00:00+00:00 [queued]>
[2023-06-19 02:00:04,970] {taskinstance.py:876} INFO - Dependencies all met for <TaskInstance: collect_ddragon.collect_runes 2023-06-18T02:00:00+00:00 [queued]>
[2023-06-19 02:00:04,970] {taskinstance.py:1067} INFO - 
--------------------------------------------------------------------------------
[2023-06-19 02:00:04,971] {taskinstance.py:1068} INFO - Starting attempt 1 of 2
[2023-06-19 02:00:04,971] {taskinstance.py:1069} INFO - 
--------------------------------------------------------------------------------
[2023-06-19 02:00:04,981] {taskinstance.py:1087} INFO - Executing <Task(PythonOperator): collect_runes> on 2023-06-18T02:00:00+00:00
[2023-06-19 02:00:04,995] {standard_task_runner.py:52} INFO - Started process 1981505 to run task
[2023-06-19 02:00:05,001] {standard_task_runner.py:76} INFO - Running: ['***', 'tasks', 'run', 'collect_ddragon', 'collect_runes', '2023-06-18T02:00:00+00:00', '--job-id', '1013', '--pool', 'default_pool', '--raw', '--subdir', 'DAGS_FOLDER/dag_collect_ddragon.py', '--cfg-path', '/tmp/tmp6m7tthud', '--error-file', '/tmp/tmp5w6wv7cx']
[2023-06-19 02:00:05,002] {standard_task_runner.py:77} INFO - Job 1013: Subtask collect_runes
[2023-06-19 02:00:05,053] {logging_mixin.py:104} INFO - Running <TaskInstance: collect_ddragon.collect_runes 2023-06-18T02:00:00+00:00 [running]> on host ac1902248041
[2023-06-19 02:00:05,121] {taskinstance.py:1282} INFO - Exporting the following env vars:
AIRFLOW_CTX_DAG_OWNER=***
AIRFLOW_CTX_DAG_ID=collect_ddragon
AIRFLOW_CTX_TASK_ID=collect_runes
AIRFLOW_CTX_EXECUTION_DATE=2023-06-18T02:00:00+00:00
AIRFLOW_CTX_DAG_RUN_ID=scheduled__2023-06-18T02:00:00+00:00
[2023-06-19 02:00:05,144] {base.py:122} INFO - GET http://192.168.2.139:9200/_cat/indices [status:200 request:0.009s]
[2023-06-19 02:00:05,145] {dag_collect_ddragon.py:60} INFO - Index "runes-13.12.1" Already Exists
[2023-06-19 02:00:05,145] {python.py:151} INFO - Done. Returned value was: None
[2023-06-19 02:00:05,157] {taskinstance.py:1191} INFO - Marking task as SUCCESS. dag_id=collect_ddragon, task_id=collect_runes, execution_date=20230618T020000, start_date=20230619T020004, end_date=20230619T020005
[2023-06-19 02:00:05,190] {taskinstance.py:1245} INFO - 0 downstream tasks scheduled from follow-on schedule check
[2023-06-19 02:00:05,215] {local_task_job.py:151} INFO - Task exited with return code 0
