[2023-06-22 02:00:04,859] {taskinstance.py:876} INFO - Dependencies all met for <TaskInstance: collect_ddragon.collect_items 2023-06-21T02:00:00+00:00 [queued]>
[2023-06-22 02:00:04,880] {taskinstance.py:876} INFO - Dependencies all met for <TaskInstance: collect_ddragon.collect_items 2023-06-21T02:00:00+00:00 [queued]>
[2023-06-22 02:00:04,880] {taskinstance.py:1067} INFO - 
--------------------------------------------------------------------------------
[2023-06-22 02:00:04,881] {taskinstance.py:1068} INFO - Starting attempt 1 of 2
[2023-06-22 02:00:04,881] {taskinstance.py:1069} INFO - 
--------------------------------------------------------------------------------
[2023-06-22 02:00:04,890] {taskinstance.py:1087} INFO - Executing <Task(PythonOperator): collect_items> on 2023-06-21T02:00:00+00:00
[2023-06-22 02:00:04,900] {standard_task_runner.py:52} INFO - Started process 2304795 to run task
[2023-06-22 02:00:04,905] {standard_task_runner.py:76} INFO - Running: ['***', 'tasks', 'run', 'collect_ddragon', 'collect_items', '2023-06-21T02:00:00+00:00', '--job-id', '1033', '--pool', 'default_pool', '--raw', '--subdir', 'DAGS_FOLDER/dag_collect_ddragon.py', '--cfg-path', '/tmp/tmpey4pybep', '--error-file', '/tmp/tmpa8ezgi3m']
[2023-06-22 02:00:04,905] {standard_task_runner.py:77} INFO - Job 1033: Subtask collect_items
[2023-06-22 02:00:04,959] {logging_mixin.py:104} INFO - Running <TaskInstance: collect_ddragon.collect_items 2023-06-21T02:00:00+00:00 [running]> on host ac1902248041
[2023-06-22 02:00:05,028] {taskinstance.py:1282} INFO - Exporting the following env vars:
AIRFLOW_CTX_DAG_OWNER=***
AIRFLOW_CTX_DAG_ID=collect_ddragon
AIRFLOW_CTX_TASK_ID=collect_items
AIRFLOW_CTX_EXECUTION_DATE=2023-06-21T02:00:00+00:00
AIRFLOW_CTX_DAG_RUN_ID=scheduled__2023-06-21T02:00:00+00:00
[2023-06-22 02:00:05,052] {base.py:122} INFO - GET http://192.168.2.139:9200/_cat/indices [status:200 request:0.011s]
[2023-06-22 02:00:05,053] {dag_collect_ddragon.py:60} INFO - Index "items-13.12.1" Already Exists
[2023-06-22 02:00:05,053] {python.py:151} INFO - Done. Returned value was: None
[2023-06-22 02:00:05,065] {taskinstance.py:1191} INFO - Marking task as SUCCESS. dag_id=collect_ddragon, task_id=collect_items, execution_date=20230621T020000, start_date=20230622T020004, end_date=20230622T020005
[2023-06-22 02:00:05,107] {taskinstance.py:1245} INFO - 0 downstream tasks scheduled from follow-on schedule check
[2023-06-22 02:00:05,116] {local_task_job.py:151} INFO - Task exited with return code 0
