[2023-06-13 02:00:08,272] {taskinstance.py:876} INFO - Dependencies all met for <TaskInstance: collect_ddragon.collect_items 2023-06-12T02:00:00+00:00 [queued]>
[2023-06-13 02:00:08,293] {taskinstance.py:876} INFO - Dependencies all met for <TaskInstance: collect_ddragon.collect_items 2023-06-12T02:00:00+00:00 [queued]>
[2023-06-13 02:00:08,293] {taskinstance.py:1067} INFO - 
--------------------------------------------------------------------------------
[2023-06-13 02:00:08,293] {taskinstance.py:1068} INFO - Starting attempt 1 of 2
[2023-06-13 02:00:08,293] {taskinstance.py:1069} INFO - 
--------------------------------------------------------------------------------
[2023-06-13 02:00:08,303] {taskinstance.py:1087} INFO - Executing <Task(PythonOperator): collect_items> on 2023-06-12T02:00:00+00:00
[2023-06-13 02:00:08,314] {standard_task_runner.py:52} INFO - Started process 1334885 to run task
[2023-06-13 02:00:08,319] {standard_task_runner.py:76} INFO - Running: ['***', 'tasks', 'run', 'collect_ddragon', 'collect_items', '2023-06-12T02:00:00+00:00', '--job-id', '978', '--pool', 'default_pool', '--raw', '--subdir', 'DAGS_FOLDER/dag_collect_ddragon.py', '--cfg-path', '/tmp/tmp5tjuqk1t', '--error-file', '/tmp/tmp7f9ishs_']
[2023-06-13 02:00:08,320] {standard_task_runner.py:77} INFO - Job 978: Subtask collect_items
[2023-06-13 02:00:08,375] {logging_mixin.py:104} INFO - Running <TaskInstance: collect_ddragon.collect_items 2023-06-12T02:00:00+00:00 [running]> on host ac1902248041
[2023-06-13 02:00:08,445] {taskinstance.py:1282} INFO - Exporting the following env vars:
AIRFLOW_CTX_DAG_OWNER=***
AIRFLOW_CTX_DAG_ID=collect_ddragon
AIRFLOW_CTX_TASK_ID=collect_items
AIRFLOW_CTX_EXECUTION_DATE=2023-06-12T02:00:00+00:00
AIRFLOW_CTX_DAG_RUN_ID=scheduled__2023-06-12T02:00:00+00:00
[2023-06-13 02:00:08,467] {base.py:122} INFO - GET http://192.168.2.139:9200/_cat/indices [status:200 request:0.010s]
[2023-06-13 02:00:08,467] {dag_collect_ddragon.py:60} INFO - Index "items-13.11.1" Already Exists
[2023-06-13 02:00:08,467] {python.py:151} INFO - Done. Returned value was: None
[2023-06-13 02:00:08,480] {taskinstance.py:1191} INFO - Marking task as SUCCESS. dag_id=collect_ddragon, task_id=collect_items, execution_date=20230612T020000, start_date=20230613T020008, end_date=20230613T020008
[2023-06-13 02:00:08,510] {taskinstance.py:1245} INFO - 0 downstream tasks scheduled from follow-on schedule check
[2023-06-13 02:00:08,531] {local_task_job.py:151} INFO - Task exited with return code 0
