[2023-07-02 02:00:03,106] {taskinstance.py:876} INFO - Dependencies all met for <TaskInstance: collect_ddragon.collect_champions 2023-07-01T02:00:00+00:00 [queued]>
[2023-07-02 02:00:03,126] {taskinstance.py:876} INFO - Dependencies all met for <TaskInstance: collect_ddragon.collect_champions 2023-07-01T02:00:00+00:00 [queued]>
[2023-07-02 02:00:03,126] {taskinstance.py:1067} INFO - 
--------------------------------------------------------------------------------
[2023-07-02 02:00:03,126] {taskinstance.py:1068} INFO - Starting attempt 1 of 2
[2023-07-02 02:00:03,126] {taskinstance.py:1069} INFO - 
--------------------------------------------------------------------------------
[2023-07-02 02:00:03,136] {taskinstance.py:1087} INFO - Executing <Task(PythonOperator): collect_champions> on 2023-07-01T02:00:00+00:00
[2023-07-02 02:00:03,146] {standard_task_runner.py:52} INFO - Started process 3382889 to run task
[2023-07-02 02:00:03,151] {standard_task_runner.py:76} INFO - Running: ['***', 'tasks', 'run', 'collect_ddragon', 'collect_champions', '2023-07-01T02:00:00+00:00', '--job-id', '1091', '--pool', 'default_pool', '--raw', '--subdir', 'DAGS_FOLDER/dag_collect_ddragon.py', '--cfg-path', '/tmp/tmp572h6q42', '--error-file', '/tmp/tmpw__com65']
[2023-07-02 02:00:03,152] {standard_task_runner.py:77} INFO - Job 1091: Subtask collect_champions
[2023-07-02 02:00:03,212] {logging_mixin.py:104} INFO - Running <TaskInstance: collect_ddragon.collect_champions 2023-07-01T02:00:00+00:00 [running]> on host ac1902248041
[2023-07-02 02:00:03,278] {taskinstance.py:1282} INFO - Exporting the following env vars:
AIRFLOW_CTX_DAG_OWNER=***
AIRFLOW_CTX_DAG_ID=collect_ddragon
AIRFLOW_CTX_TASK_ID=collect_champions
AIRFLOW_CTX_EXECUTION_DATE=2023-07-01T02:00:00+00:00
AIRFLOW_CTX_DAG_RUN_ID=scheduled__2023-07-01T02:00:00+00:00
[2023-07-02 02:00:03,305] {base.py:122} INFO - GET http://192.168.2.139:9200/_cat/indices [status:200 request:0.014s]
[2023-07-02 02:00:03,305] {dag_collect_ddragon.py:60} INFO - Index "champions-13.13.1" Already Exists
[2023-07-02 02:00:03,305] {python.py:151} INFO - Done. Returned value was: None
[2023-07-02 02:00:03,319] {taskinstance.py:1191} INFO - Marking task as SUCCESS. dag_id=collect_ddragon, task_id=collect_champions, execution_date=20230701T020000, start_date=20230702T020003, end_date=20230702T020003
[2023-07-02 02:00:03,355] {taskinstance.py:1245} INFO - 0 downstream tasks scheduled from follow-on schedule check
[2023-07-02 02:00:03,403] {local_task_job.py:151} INFO - Task exited with return code 0
