[2023-06-28 02:00:03,975] {taskinstance.py:876} INFO - Dependencies all met for <TaskInstance: collect_ddragon.collect_champions 2023-06-27T02:00:00+00:00 [queued]>
[2023-06-28 02:00:04,002] {taskinstance.py:876} INFO - Dependencies all met for <TaskInstance: collect_ddragon.collect_champions 2023-06-27T02:00:00+00:00 [queued]>
[2023-06-28 02:00:04,002] {taskinstance.py:1067} INFO - 
--------------------------------------------------------------------------------
[2023-06-28 02:00:04,002] {taskinstance.py:1068} INFO - Starting attempt 1 of 2
[2023-06-28 02:00:04,002] {taskinstance.py:1069} INFO - 
--------------------------------------------------------------------------------
[2023-06-28 02:00:04,013] {taskinstance.py:1087} INFO - Executing <Task(PythonOperator): collect_champions> on 2023-06-27T02:00:00+00:00
[2023-06-28 02:00:04,027] {standard_task_runner.py:52} INFO - Started process 2951547 to run task
[2023-06-28 02:00:04,033] {standard_task_runner.py:76} INFO - Running: ['***', 'tasks', 'run', 'collect_ddragon', 'collect_champions', '2023-06-27T02:00:00+00:00', '--job-id', '1069', '--pool', 'default_pool', '--raw', '--subdir', 'DAGS_FOLDER/dag_collect_ddragon.py', '--cfg-path', '/tmp/tmp_jfkj9fm', '--error-file', '/tmp/tmp5usiqtoz']
[2023-06-28 02:00:04,034] {standard_task_runner.py:77} INFO - Job 1069: Subtask collect_champions
[2023-06-28 02:00:04,110] {logging_mixin.py:104} INFO - Running <TaskInstance: collect_ddragon.collect_champions 2023-06-27T02:00:00+00:00 [running]> on host ac1902248041
[2023-06-28 02:00:04,188] {taskinstance.py:1282} INFO - Exporting the following env vars:
AIRFLOW_CTX_DAG_OWNER=***
AIRFLOW_CTX_DAG_ID=collect_ddragon
AIRFLOW_CTX_TASK_ID=collect_champions
AIRFLOW_CTX_EXECUTION_DATE=2023-06-27T02:00:00+00:00
AIRFLOW_CTX_DAG_RUN_ID=scheduled__2023-06-27T02:00:00+00:00
[2023-06-28 02:00:04,213] {base.py:122} INFO - GET http://192.168.2.139:9200/_cat/indices [status:200 request:0.011s]
[2023-06-28 02:00:04,214] {dag_collect_ddragon.py:64} INFO - Collect Data "champions-13.13.1"
[2023-06-28 02:00:05,404] {dag_collect_ddragon.py:79} INFO - Call API "GET" "http://192.168.2.136:20000/ddragon/champions"
[2023-06-28 02:00:05,405] {python.py:151} INFO - Done. Returned value was: champions-13.13.1 수집 완료
[2023-06-28 02:00:05,435] {taskinstance.py:1191} INFO - Marking task as SUCCESS. dag_id=collect_ddragon, task_id=collect_champions, execution_date=20230627T020000, start_date=20230628T020003, end_date=20230628T020005
[2023-06-28 02:00:05,463] {taskinstance.py:1245} INFO - 0 downstream tasks scheduled from follow-on schedule check
[2023-06-28 02:00:05,489] {local_task_job.py:151} INFO - Task exited with return code 0
