[2023-06-11 02:00:03,773] {taskinstance.py:876} INFO - Dependencies all met for <TaskInstance: collect_ddragon.collect_champions 2023-06-10T02:00:00+00:00 [queued]>
[2023-06-11 02:00:03,794] {taskinstance.py:876} INFO - Dependencies all met for <TaskInstance: collect_ddragon.collect_champions 2023-06-10T02:00:00+00:00 [queued]>
[2023-06-11 02:00:03,795] {taskinstance.py:1067} INFO - 
--------------------------------------------------------------------------------
[2023-06-11 02:00:03,795] {taskinstance.py:1068} INFO - Starting attempt 1 of 2
[2023-06-11 02:00:03,795] {taskinstance.py:1069} INFO - 
--------------------------------------------------------------------------------
[2023-06-11 02:00:03,805] {taskinstance.py:1087} INFO - Executing <Task(PythonOperator): collect_champions> on 2023-06-10T02:00:00+00:00
[2023-06-11 02:00:03,816] {standard_task_runner.py:52} INFO - Started process 1119198 to run task
[2023-06-11 02:00:03,821] {standard_task_runner.py:76} INFO - Running: ['***', 'tasks', 'run', 'collect_ddragon', 'collect_champions', '2023-06-10T02:00:00+00:00', '--job-id', '967', '--pool', 'default_pool', '--raw', '--subdir', 'DAGS_FOLDER/dag_collect_ddragon.py', '--cfg-path', '/tmp/tmpfztwl97c', '--error-file', '/tmp/tmpfoyfrpmv']
[2023-06-11 02:00:03,822] {standard_task_runner.py:77} INFO - Job 967: Subtask collect_champions
[2023-06-11 02:00:03,872] {logging_mixin.py:104} INFO - Running <TaskInstance: collect_ddragon.collect_champions 2023-06-10T02:00:00+00:00 [running]> on host ac1902248041
[2023-06-11 02:00:03,939] {taskinstance.py:1282} INFO - Exporting the following env vars:
AIRFLOW_CTX_DAG_OWNER=***
AIRFLOW_CTX_DAG_ID=collect_ddragon
AIRFLOW_CTX_TASK_ID=collect_champions
AIRFLOW_CTX_EXECUTION_DATE=2023-06-10T02:00:00+00:00
AIRFLOW_CTX_DAG_RUN_ID=scheduled__2023-06-10T02:00:00+00:00
[2023-06-11 02:00:03,969] {base.py:122} INFO - GET http://192.168.2.139:9200/_cat/indices [status:200 request:0.016s]
[2023-06-11 02:00:03,970] {dag_collect_ddragon.py:77} INFO - Index "{}" Already Exists
[2023-06-11 02:00:03,970] {python.py:151} INFO - Done. Returned value was: None
[2023-06-11 02:00:03,983] {taskinstance.py:1191} INFO - Marking task as SUCCESS. dag_id=collect_ddragon, task_id=collect_champions, execution_date=20230610T020000, start_date=20230611T020003, end_date=20230611T020003
[2023-06-11 02:00:04,019] {taskinstance.py:1245} INFO - 0 downstream tasks scheduled from follow-on schedule check
[2023-06-11 02:00:04,032] {local_task_job.py:151} INFO - Task exited with return code 0
