[2023-06-28 02:00:03,918] {taskinstance.py:876} INFO - Dependencies all met for <TaskInstance: collect_ddragon.collect_items 2023-06-27T02:00:00+00:00 [queued]>
[2023-06-28 02:00:03,946] {taskinstance.py:876} INFO - Dependencies all met for <TaskInstance: collect_ddragon.collect_items 2023-06-27T02:00:00+00:00 [queued]>
[2023-06-28 02:00:03,946] {taskinstance.py:1067} INFO - 
--------------------------------------------------------------------------------
[2023-06-28 02:00:03,946] {taskinstance.py:1068} INFO - Starting attempt 1 of 2
[2023-06-28 02:00:03,946] {taskinstance.py:1069} INFO - 
--------------------------------------------------------------------------------
[2023-06-28 02:00:03,960] {taskinstance.py:1087} INFO - Executing <Task(PythonOperator): collect_items> on 2023-06-27T02:00:00+00:00
[2023-06-28 02:00:03,971] {standard_task_runner.py:52} INFO - Started process 2951545 to run task
[2023-06-28 02:00:03,976] {standard_task_runner.py:76} INFO - Running: ['***', 'tasks', 'run', 'collect_ddragon', 'collect_items', '2023-06-27T02:00:00+00:00', '--job-id', '1066', '--pool', 'default_pool', '--raw', '--subdir', 'DAGS_FOLDER/dag_collect_ddragon.py', '--cfg-path', '/tmp/tmpsn8ylr2h', '--error-file', '/tmp/tmpiexhmba6']
[2023-06-28 02:00:03,977] {standard_task_runner.py:77} INFO - Job 1066: Subtask collect_items
[2023-06-28 02:00:04,044] {logging_mixin.py:104} INFO - Running <TaskInstance: collect_ddragon.collect_items 2023-06-27T02:00:00+00:00 [running]> on host ac1902248041
[2023-06-28 02:00:04,134] {taskinstance.py:1282} INFO - Exporting the following env vars:
AIRFLOW_CTX_DAG_OWNER=***
AIRFLOW_CTX_DAG_ID=collect_ddragon
AIRFLOW_CTX_TASK_ID=collect_items
AIRFLOW_CTX_EXECUTION_DATE=2023-06-27T02:00:00+00:00
AIRFLOW_CTX_DAG_RUN_ID=scheduled__2023-06-27T02:00:00+00:00
[2023-06-28 02:00:04,164] {base.py:122} INFO - GET http://192.168.2.139:9200/_cat/indices [status:200 request:0.012s]
[2023-06-28 02:00:04,164] {dag_collect_ddragon.py:64} INFO - Collect Data "items-13.13.1"
[2023-06-28 02:00:05,920] {dag_collect_ddragon.py:79} INFO - Call API "GET" "http://192.168.2.136:20000/ddragon/items"
[2023-06-28 02:00:05,920] {python.py:151} INFO - Done. Returned value was: items-13.13.1 수집 완료
[2023-06-28 02:00:05,951] {taskinstance.py:1191} INFO - Marking task as SUCCESS. dag_id=collect_ddragon, task_id=collect_items, execution_date=20230627T020000, start_date=20230628T020003, end_date=20230628T020005
[2023-06-28 02:00:05,981] {taskinstance.py:1245} INFO - 0 downstream tasks scheduled from follow-on schedule check
[2023-06-28 02:00:05,998] {local_task_job.py:151} INFO - Task exited with return code 0
