[2023-06-16 02:00:08,376] {taskinstance.py:876} INFO - Dependencies all met for <TaskInstance: collect_ddragon.collect_spells 2023-06-15T02:00:00+00:00 [queued]>
[2023-06-16 02:00:08,396] {taskinstance.py:876} INFO - Dependencies all met for <TaskInstance: collect_ddragon.collect_spells 2023-06-15T02:00:00+00:00 [queued]>
[2023-06-16 02:00:08,396] {taskinstance.py:1067} INFO - 
--------------------------------------------------------------------------------
[2023-06-16 02:00:08,396] {taskinstance.py:1068} INFO - Starting attempt 1 of 2
[2023-06-16 02:00:08,397] {taskinstance.py:1069} INFO - 
--------------------------------------------------------------------------------
[2023-06-16 02:00:08,406] {taskinstance.py:1087} INFO - Executing <Task(PythonOperator): collect_spells> on 2023-06-15T02:00:00+00:00
[2023-06-16 02:00:08,417] {standard_task_runner.py:52} INFO - Started process 1658188 to run task
[2023-06-16 02:00:08,421] {standard_task_runner.py:76} INFO - Running: ['***', 'tasks', 'run', 'collect_ddragon', 'collect_spells', '2023-06-15T02:00:00+00:00', '--job-id', '995', '--pool', 'default_pool', '--raw', '--subdir', 'DAGS_FOLDER/dag_collect_ddragon.py', '--cfg-path', '/tmp/tmp9n7qriqu', '--error-file', '/tmp/tmppki7qlny']
[2023-06-16 02:00:08,422] {standard_task_runner.py:77} INFO - Job 995: Subtask collect_spells
[2023-06-16 02:00:08,489] {logging_mixin.py:104} INFO - Running <TaskInstance: collect_ddragon.collect_spells 2023-06-15T02:00:00+00:00 [running]> on host ac1902248041
[2023-06-16 02:00:08,553] {taskinstance.py:1282} INFO - Exporting the following env vars:
AIRFLOW_CTX_DAG_OWNER=***
AIRFLOW_CTX_DAG_ID=collect_ddragon
AIRFLOW_CTX_TASK_ID=collect_spells
AIRFLOW_CTX_EXECUTION_DATE=2023-06-15T02:00:00+00:00
AIRFLOW_CTX_DAG_RUN_ID=scheduled__2023-06-15T02:00:00+00:00
[2023-06-16 02:00:08,599] {base.py:122} INFO - GET http://192.168.2.139:9200/_cat/indices [status:200 request:0.031s]
[2023-06-16 02:00:08,599] {dag_collect_ddragon.py:60} INFO - Index "spells-13.12.1" Already Exists
[2023-06-16 02:00:08,600] {python.py:151} INFO - Done. Returned value was: None
[2023-06-16 02:00:08,613] {taskinstance.py:1191} INFO - Marking task as SUCCESS. dag_id=collect_ddragon, task_id=collect_spells, execution_date=20230615T020000, start_date=20230616T020008, end_date=20230616T020008
[2023-06-16 02:00:08,662] {taskinstance.py:1245} INFO - 0 downstream tasks scheduled from follow-on schedule check
[2023-06-16 02:00:08,673] {local_task_job.py:151} INFO - Task exited with return code 0
