[2023-07-03 02:00:03,470] {taskinstance.py:876} INFO - Dependencies all met for <TaskInstance: collect_ddragon.collect_runes 2023-07-02T02:00:00+00:00 [queued]>
[2023-07-03 02:00:03,492] {taskinstance.py:876} INFO - Dependencies all met for <TaskInstance: collect_ddragon.collect_runes 2023-07-02T02:00:00+00:00 [queued]>
[2023-07-03 02:00:03,492] {taskinstance.py:1067} INFO - 
--------------------------------------------------------------------------------
[2023-07-03 02:00:03,492] {taskinstance.py:1068} INFO - Starting attempt 1 of 2
[2023-07-03 02:00:03,493] {taskinstance.py:1069} INFO - 
--------------------------------------------------------------------------------
[2023-07-03 02:00:03,502] {taskinstance.py:1087} INFO - Executing <Task(PythonOperator): collect_runes> on 2023-07-02T02:00:00+00:00
[2023-07-03 02:00:03,513] {standard_task_runner.py:52} INFO - Started process 3490729 to run task
[2023-07-03 02:00:03,519] {standard_task_runner.py:76} INFO - Running: ['***', 'tasks', 'run', 'collect_ddragon', 'collect_runes', '2023-07-02T02:00:00+00:00', '--job-id', '1096', '--pool', 'default_pool', '--raw', '--subdir', 'DAGS_FOLDER/dag_collect_ddragon.py', '--cfg-path', '/tmp/tmpfr64t46a', '--error-file', '/tmp/tmp_3bo6di5']
[2023-07-03 02:00:03,520] {standard_task_runner.py:77} INFO - Job 1096: Subtask collect_runes
[2023-07-03 02:00:03,573] {logging_mixin.py:104} INFO - Running <TaskInstance: collect_ddragon.collect_runes 2023-07-02T02:00:00+00:00 [running]> on host ac1902248041
[2023-07-03 02:00:03,640] {taskinstance.py:1282} INFO - Exporting the following env vars:
AIRFLOW_CTX_DAG_OWNER=***
AIRFLOW_CTX_DAG_ID=collect_ddragon
AIRFLOW_CTX_TASK_ID=collect_runes
AIRFLOW_CTX_EXECUTION_DATE=2023-07-02T02:00:00+00:00
AIRFLOW_CTX_DAG_RUN_ID=scheduled__2023-07-02T02:00:00+00:00
[2023-07-03 02:00:03,664] {base.py:122} INFO - GET http://192.168.2.139:9200/_cat/indices [status:200 request:0.013s]
[2023-07-03 02:00:03,665] {dag_collect_ddragon.py:60} INFO - Index "runes-13.13.1" Already Exists
[2023-07-03 02:00:03,665] {python.py:151} INFO - Done. Returned value was: None
[2023-07-03 02:00:03,676] {taskinstance.py:1191} INFO - Marking task as SUCCESS. dag_id=collect_ddragon, task_id=collect_runes, execution_date=20230702T020000, start_date=20230703T020003, end_date=20230703T020003
[2023-07-03 02:00:03,708] {taskinstance.py:1245} INFO - 0 downstream tasks scheduled from follow-on schedule check
[2023-07-03 02:00:03,730] {local_task_job.py:151} INFO - Task exited with return code 0
