[2023-07-01 02:00:05,663] {taskinstance.py:876} INFO - Dependencies all met for <TaskInstance: collect_ddragon.collect_runes 2023-06-30T02:00:00+00:00 [queued]>
[2023-07-01 02:00:05,684] {taskinstance.py:876} INFO - Dependencies all met for <TaskInstance: collect_ddragon.collect_runes 2023-06-30T02:00:00+00:00 [queued]>
[2023-07-01 02:00:05,685] {taskinstance.py:1067} INFO - 
--------------------------------------------------------------------------------
[2023-07-01 02:00:05,685] {taskinstance.py:1068} INFO - Starting attempt 1 of 2
[2023-07-01 02:00:05,685] {taskinstance.py:1069} INFO - 
--------------------------------------------------------------------------------
[2023-07-01 02:00:05,694] {taskinstance.py:1087} INFO - Executing <Task(PythonOperator): collect_runes> on 2023-06-30T02:00:00+00:00
[2023-07-01 02:00:05,704] {standard_task_runner.py:52} INFO - Started process 3275052 to run task
[2023-07-01 02:00:05,709] {standard_task_runner.py:76} INFO - Running: ['***', 'tasks', 'run', 'collect_ddragon', 'collect_runes', '2023-06-30T02:00:00+00:00', '--job-id', '1087', '--pool', 'default_pool', '--raw', '--subdir', 'DAGS_FOLDER/dag_collect_ddragon.py', '--cfg-path', '/tmp/tmpz8pvvucr', '--error-file', '/tmp/tmp_fhfz2kn']
[2023-07-01 02:00:05,709] {standard_task_runner.py:77} INFO - Job 1087: Subtask collect_runes
[2023-07-01 02:00:05,757] {logging_mixin.py:104} INFO - Running <TaskInstance: collect_ddragon.collect_runes 2023-06-30T02:00:00+00:00 [running]> on host ac1902248041
[2023-07-01 02:00:05,826] {taskinstance.py:1282} INFO - Exporting the following env vars:
AIRFLOW_CTX_DAG_OWNER=***
AIRFLOW_CTX_DAG_ID=collect_ddragon
AIRFLOW_CTX_TASK_ID=collect_runes
AIRFLOW_CTX_EXECUTION_DATE=2023-06-30T02:00:00+00:00
AIRFLOW_CTX_DAG_RUN_ID=scheduled__2023-06-30T02:00:00+00:00
[2023-07-01 02:00:05,852] {base.py:122} INFO - GET http://192.168.2.139:9200/_cat/indices [status:200 request:0.014s]
[2023-07-01 02:00:05,852] {dag_collect_ddragon.py:60} INFO - Index "runes-13.13.1" Already Exists
[2023-07-01 02:00:05,852] {python.py:151} INFO - Done. Returned value was: None
[2023-07-01 02:00:05,865] {taskinstance.py:1191} INFO - Marking task as SUCCESS. dag_id=collect_ddragon, task_id=collect_runes, execution_date=20230630T020000, start_date=20230701T020005, end_date=20230701T020005
[2023-07-01 02:00:05,905] {taskinstance.py:1245} INFO - 0 downstream tasks scheduled from follow-on schedule check
[2023-07-01 02:00:05,920] {local_task_job.py:151} INFO - Task exited with return code 0
