[2023-07-02 02:00:00,711] {taskinstance.py:876} INFO - Dependencies all met for <TaskInstance: collect_ddragon.update_version 2023-07-01T02:00:00+00:00 [queued]>
[2023-07-02 02:00:00,732] {taskinstance.py:876} INFO - Dependencies all met for <TaskInstance: collect_ddragon.update_version 2023-07-01T02:00:00+00:00 [queued]>
[2023-07-02 02:00:00,732] {taskinstance.py:1067} INFO - 
--------------------------------------------------------------------------------
[2023-07-02 02:00:00,732] {taskinstance.py:1068} INFO - Starting attempt 1 of 2
[2023-07-02 02:00:00,732] {taskinstance.py:1069} INFO - 
--------------------------------------------------------------------------------
[2023-07-02 02:00:00,741] {taskinstance.py:1087} INFO - Executing <Task(PythonOperator): update_version> on 2023-07-01T02:00:00+00:00
[2023-07-02 02:00:00,751] {standard_task_runner.py:52} INFO - Started process 3382881 to run task
[2023-07-02 02:00:00,757] {standard_task_runner.py:76} INFO - Running: ['***', 'tasks', 'run', 'collect_ddragon', 'update_version', '2023-07-01T02:00:00+00:00', '--job-id', '1088', '--pool', 'default_pool', '--raw', '--subdir', 'DAGS_FOLDER/dag_collect_ddragon.py', '--cfg-path', '/tmp/tmp0hq29ak9', '--error-file', '/tmp/tmpugcjqvok']
[2023-07-02 02:00:00,758] {standard_task_runner.py:77} INFO - Job 1088: Subtask update_version
[2023-07-02 02:00:00,806] {logging_mixin.py:104} INFO - Running <TaskInstance: collect_ddragon.update_version 2023-07-01T02:00:00+00:00 [running]> on host ac1902248041
[2023-07-02 02:00:00,865] {taskinstance.py:1282} INFO - Exporting the following env vars:
AIRFLOW_CTX_DAG_OWNER=***
AIRFLOW_CTX_DAG_ID=collect_ddragon
AIRFLOW_CTX_TASK_ID=update_version
AIRFLOW_CTX_EXECUTION_DATE=2023-07-01T02:00:00+00:00
AIRFLOW_CTX_DAG_RUN_ID=scheduled__2023-07-01T02:00:00+00:00
[2023-07-02 02:00:01,121] {dag_collect_ddragon.py:79} INFO - Call API "GET" "http://192.168.2.136:20000/ddragon/version"
[2023-07-02 02:00:01,121] {dag_collect_ddragon.py:26} INFO - Update Version
[2023-07-02 02:00:01,121] {python.py:151} INFO - Done. Returned value was: None
[2023-07-02 02:00:01,133] {taskinstance.py:1191} INFO - Marking task as SUCCESS. dag_id=collect_ddragon, task_id=update_version, execution_date=20230701T020000, start_date=20230702T020000, end_date=20230702T020001
[2023-07-02 02:00:01,165] {taskinstance.py:1245} INFO - 1 downstream tasks scheduled from follow-on schedule check
[2023-07-02 02:00:01,210] {local_task_job.py:151} INFO - Task exited with return code 0
