[2023-06-12 02:00:04,204] {taskinstance.py:876} INFO - Dependencies all met for <TaskInstance: collect_ddragon.collect_spells 2023-06-11T02:00:00+00:00 [queued]>
[2023-06-12 02:00:04,228] {taskinstance.py:876} INFO - Dependencies all met for <TaskInstance: collect_ddragon.collect_spells 2023-06-11T02:00:00+00:00 [queued]>
[2023-06-12 02:00:04,228] {taskinstance.py:1067} INFO - 
--------------------------------------------------------------------------------
[2023-06-12 02:00:04,228] {taskinstance.py:1068} INFO - Starting attempt 1 of 2
[2023-06-12 02:00:04,228] {taskinstance.py:1069} INFO - 
--------------------------------------------------------------------------------
[2023-06-12 02:00:04,240] {taskinstance.py:1087} INFO - Executing <Task(PythonOperator): collect_spells> on 2023-06-11T02:00:00+00:00
[2023-06-12 02:00:04,252] {standard_task_runner.py:52} INFO - Started process 1227147 to run task
[2023-06-12 02:00:04,272] {standard_task_runner.py:76} INFO - Running: ['***', 'tasks', 'run', 'collect_ddragon', 'collect_spells', '2023-06-11T02:00:00+00:00', '--job-id', '972', '--pool', 'default_pool', '--raw', '--subdir', 'DAGS_FOLDER/dag_collect_ddragon.py', '--cfg-path', '/tmp/tmpb1g0bajd', '--error-file', '/tmp/tmpi40cezv5']
[2023-06-12 02:00:04,272] {standard_task_runner.py:77} INFO - Job 972: Subtask collect_spells
[2023-06-12 02:00:04,342] {logging_mixin.py:104} INFO - Running <TaskInstance: collect_ddragon.collect_spells 2023-06-11T02:00:00+00:00 [running]> on host ac1902248041
[2023-06-12 02:00:04,428] {taskinstance.py:1282} INFO - Exporting the following env vars:
AIRFLOW_CTX_DAG_OWNER=***
AIRFLOW_CTX_DAG_ID=collect_ddragon
AIRFLOW_CTX_TASK_ID=collect_spells
AIRFLOW_CTX_EXECUTION_DATE=2023-06-11T02:00:00+00:00
AIRFLOW_CTX_DAG_RUN_ID=scheduled__2023-06-11T02:00:00+00:00
[2023-06-12 02:00:04,474] {base.py:122} INFO - GET http://192.168.2.139:9200/_cat/indices [status:200 request:0.011s]
[2023-06-12 02:00:04,475] {dag_collect_ddragon.py:77} INFO - Index "{}" Already Exists
[2023-06-12 02:00:04,475] {python.py:151} INFO - Done. Returned value was: None
[2023-06-12 02:00:04,506] {taskinstance.py:1191} INFO - Marking task as SUCCESS. dag_id=collect_ddragon, task_id=collect_spells, execution_date=20230611T020000, start_date=20230612T020004, end_date=20230612T020004
[2023-06-12 02:00:04,541] {taskinstance.py:1245} INFO - 0 downstream tasks scheduled from follow-on schedule check
[2023-06-12 02:00:04,550] {local_task_job.py:151} INFO - Task exited with return code 0
