[2023-06-11 02:00:02,492] {taskinstance.py:876} INFO - Dependencies all met for <TaskInstance: collect_ddragon.get_version 2023-06-10T02:00:00+00:00 [queued]>
[2023-06-11 02:00:02,512] {taskinstance.py:876} INFO - Dependencies all met for <TaskInstance: collect_ddragon.get_version 2023-06-10T02:00:00+00:00 [queued]>
[2023-06-11 02:00:02,512] {taskinstance.py:1067} INFO - 
--------------------------------------------------------------------------------
[2023-06-11 02:00:02,512] {taskinstance.py:1068} INFO - Starting attempt 1 of 2
[2023-06-11 02:00:02,513] {taskinstance.py:1069} INFO - 
--------------------------------------------------------------------------------
[2023-06-11 02:00:02,521] {taskinstance.py:1087} INFO - Executing <Task(PythonOperator): get_version> on 2023-06-10T02:00:00+00:00
[2023-06-11 02:00:02,531] {standard_task_runner.py:52} INFO - Started process 1119190 to run task
[2023-06-11 02:00:02,536] {standard_task_runner.py:76} INFO - Running: ['***', 'tasks', 'run', 'collect_ddragon', 'get_version', '2023-06-10T02:00:00+00:00', '--job-id', '963', '--pool', 'default_pool', '--raw', '--subdir', 'DAGS_FOLDER/dag_collect_ddragon.py', '--cfg-path', '/tmp/tmpawlsv8tc', '--error-file', '/tmp/tmp0uleo281']
[2023-06-11 02:00:02,537] {standard_task_runner.py:77} INFO - Job 963: Subtask get_version
[2023-06-11 02:00:02,586] {logging_mixin.py:104} INFO - Running <TaskInstance: collect_ddragon.get_version 2023-06-10T02:00:00+00:00 [running]> on host ac1902248041
[2023-06-11 02:00:02,645] {taskinstance.py:1282} INFO - Exporting the following env vars:
AIRFLOW_CTX_DAG_OWNER=***
AIRFLOW_CTX_DAG_ID=collect_ddragon
AIRFLOW_CTX_TASK_ID=get_version
AIRFLOW_CTX_EXECUTION_DATE=2023-06-10T02:00:00+00:00
AIRFLOW_CTX_DAG_RUN_ID=scheduled__2023-06-10T02:00:00+00:00
[2023-06-11 02:00:02,645] {dag_collect_ddragon.py:94} INFO - Call API "http://192.168.2.136:20000/ddragon/version/current"
[2023-06-11 02:00:02,660] {dag_collect_ddragon.py:56} INFO - Get Version "13.11.1"
[2023-06-11 02:00:02,677] {python.py:151} INFO - Done. Returned value was: None
[2023-06-11 02:00:02,687] {taskinstance.py:1191} INFO - Marking task as SUCCESS. dag_id=collect_ddragon, task_id=get_version, execution_date=20230610T020000, start_date=20230611T020002, end_date=20230611T020002
[2023-06-11 02:00:02,719] {taskinstance.py:1245} INFO - 4 downstream tasks scheduled from follow-on schedule check
[2023-06-11 02:00:02,747] {local_task_job.py:151} INFO - Task exited with return code 0
